<?xml version="1.0" encoding="UTF-8"?>
<testsuite xmlns:xsi="http://www.w3.org/2001/XMLSchema-instance" xsi:noNamespaceSchemaLocation="https://maven.apache.org/surefire/maven-surefire-plugin/xsd/surefire-test-report-3.0.xsd" version="3.0" name="com.example.MainTest" time="0.167" tests="15" errors="0" skipped="0" failures="0">
  <properties>
    <property name="java.specification.version" value="17"/>
    <property name="sun.jnu.encoding" value="UTF-8"/>
    <property name="java.class.path" value="/home/pari/Documents/term7/آزمون نرم افزار/hw1-java/target/test-classes:/home/pari/Documents/term7/آزمون نرم افزار/hw1-java/target/classes:/home/pari/.m2/repository/org/junit/jupiter/junit-jupiter-api/5.10.2/junit-jupiter-api-5.10.2.jar:/home/pari/.m2/repository/org/opentest4j/opentest4j/1.3.0/opentest4j-1.3.0.jar:/home/pari/.m2/repository/org/junit/platform/junit-platform-commons/1.10.2/junit-platform-commons-1.10.2.jar:/home/pari/.m2/repository/org/apiguardian/apiguardian-api/1.1.2/apiguardian-api-1.1.2.jar:/home/pari/.m2/repository/org/junit/jupiter/junit-jupiter-params/5.10.0/junit-jupiter-params-5.10.0.jar:/home/pari/.m2/repository/org/junit/jupiter/junit-jupiter-engine/5.10.2/junit-jupiter-engine-5.10.2.jar:/home/pari/.m2/repository/org/junit/platform/junit-platform-engine/1.10.2/junit-platform-engine-1.10.2.jar:"/>
    <property name="java.vm.vendor" value="Ubuntu"/>
    <property name="sun.arch.data.model" value="64"/>
    <property name="java.vendor.url" value="https://ubuntu.com/"/>
    <property name="os.name" value="Linux"/>
    <property name="java.vm.specification.version" value="17"/>
    <property name="sun.java.launcher" value="SUN_STANDARD"/>
    <property name="user.country" value="US"/>
    <property name="sun.boot.library.path" value="/usr/lib/jvm/java-17-openjdk-amd64/lib"/>
    <property name="sun.java.command" value="/home/pari/Documents/term7/آزمون نرم افزار/hw1-java/target/surefire/surefirebooter-20251018222035787_3.jar /home/pari/Documents/term7/آزمون نرم افزار/hw1-java/target/surefire 2025-10-18T22-20-35_706-jvmRun1 surefire-20251018222035787_1tmp surefire_0-20251018222035787_2tmp"/>
    <property name="jdk.debug" value="release"/>
    <property name="surefire.test.class.path" value="/home/pari/Documents/term7/آزمون نرم افزار/hw1-java/target/test-classes:/home/pari/Documents/term7/آزمون نرم افزار/hw1-java/target/classes:/home/pari/.m2/repository/org/junit/jupiter/junit-jupiter-api/5.10.2/junit-jupiter-api-5.10.2.jar:/home/pari/.m2/repository/org/opentest4j/opentest4j/1.3.0/opentest4j-1.3.0.jar:/home/pari/.m2/repository/org/junit/platform/junit-platform-commons/1.10.2/junit-platform-commons-1.10.2.jar:/home/pari/.m2/repository/org/apiguardian/apiguardian-api/1.1.2/apiguardian-api-1.1.2.jar:/home/pari/.m2/repository/org/junit/jupiter/junit-jupiter-params/5.10.0/junit-jupiter-params-5.10.0.jar:/home/pari/.m2/repository/org/junit/jupiter/junit-jupiter-engine/5.10.2/junit-jupiter-engine-5.10.2.jar:/home/pari/.m2/repository/org/junit/platform/junit-platform-engine/1.10.2/junit-platform-engine-1.10.2.jar:"/>
    <property name="sun.cpu.endian" value="little"/>
    <property name="user.home" value="/home/pari"/>
    <property name="user.language" value="en"/>
    <property name="java.specification.vendor" value="Oracle Corporation"/>
    <property name="java.version.date" value="2025-07-15"/>
    <property name="java.home" value="/usr/lib/jvm/java-17-openjdk-amd64"/>
    <property name="file.separator" value="/"/>
    <property name="basedir" value="/home/pari/Documents/term7/آزمون نرم افزار/hw1-java"/>
    <property name="java.vm.compressedOopsMode" value="Zero based"/>
    <property name="line.separator" value="&#10;"/>
    <property name="java.specification.name" value="Java Platform API Specification"/>
    <property name="java.vm.specification.vendor" value="Oracle Corporation"/>
    <property name="surefire.real.class.path" value="/home/pari/Documents/term7/آزمون نرم افزار/hw1-java/target/surefire/surefirebooter-20251018222035787_3.jar"/>
    <property name="sun.management.compiler" value="HotSpot 64-Bit Tiered Compilers"/>
    <property name="java.runtime.version" value="17.0.16+8-Ubuntu-0ubuntu125.04.1"/>
    <property name="user.name" value="pari"/>
    <property name="path.separator" value=":"/>
    <property name="os.version" value="6.14.0-33-generic"/>
    <property name="java.runtime.name" value="OpenJDK Runtime Environment"/>
    <property name="file.encoding" value="UTF-8"/>
    <property name="java.vm.name" value="OpenJDK 64-Bit Server VM"/>
    <property name="localRepository" value="/home/pari/.m2/repository"/>
    <property name="java.vendor.url.bug" value="https://bugs.launchpad.net/ubuntu/+source/openjdk-17"/>
    <property name="java.io.tmpdir" value="/tmp"/>
    <property name="java.version" value="17.0.16"/>
    <property name="user.dir" value="/home/pari/Documents/term7/آزمون نرم افزار/hw1-java"/>
    <property name="os.arch" value="amd64"/>
    <property name="java.vm.specification.name" value="Java Virtual Machine Specification"/>
    <property name="native.encoding" value="UTF-8"/>
    <property name="java.library.path" value="/usr/java/packages/lib:/usr/lib/x86_64-linux-gnu/jni:/lib/x86_64-linux-gnu:/usr/lib/x86_64-linux-gnu:/usr/lib/jni:/lib:/usr/lib"/>
    <property name="java.vm.info" value="mixed mode, sharing"/>
    <property name="java.vendor" value="Ubuntu"/>
    <property name="java.vm.version" value="17.0.16+8-Ubuntu-0ubuntu125.04.1"/>
    <property name="java.specification.maintenance.version" value="1"/>
    <property name="sun.io.unicode.encoding" value="UnicodeLittle"/>
    <property name="java.class.version" value="61.0"/>
  </properties>
  <testcase name="testInvalidPricesThrowException(List)[1]" classname="com.example.MainTest" time="0.05"/>
  <testcase name="testInvalidPricesThrowException(List)[2]" classname="com.example.MainTest" time="0.002"/>
  <testcase name="testInvalidPricesThrowException(List)[3]" classname="com.example.MainTest" time="0.001"/>
  <testcase name="testThrowsExceptionForNullOrEmptyList" classname="com.example.MainTest" time="0.002"/>
  <testcase name="testCalculateOrderPrice(List, String, double)[1]" classname="com.example.MainTest" time="0.004"/>
  <testcase name="testCalculateOrderPrice(List, String, double)[2]" classname="com.example.MainTest" time="0.002"/>
  <testcase name="testCalculateOrderPrice(List, String, double)[3]" classname="com.example.MainTest" time="0.001"/>
  <testcase name="testCalculateOrderPrice(List, String, double)[4]" classname="com.example.MainTest" time="0.001"/>
  <testcase name="testCalculateOrderPrice(List, String, double)[5]" classname="com.example.MainTest" time="0.001"/>
  <testcase name="testCalculateOrderPrice(List, String, double)[6]" classname="com.example.MainTest" time="0.001"/>
  <testcase name="testCalculateOrderPrice(List, String, double)[7]" classname="com.example.MainTest" time="0.001"/>
  <testcase name="testCalculateOrderPrice(List, String, double)[8]" classname="com.example.MainTest" time="0.001"/>
  <testcase name="testCalculateOrderPrice(List, String, double)[9]" classname="com.example.MainTest" time="0.001"/>
  <testcase name="testCalculateOrderPrice(List, String, double)[10]" classname="com.example.MainTest" time="0.001"/>
  <testcase name="testCalculateOrderPrice(List, String, double)[11]" classname="com.example.MainTest" time="0.001"/>
</testsuite>